This is TeX, Version 3.14159 (Web2C 7.4.5) (format=latex 2005.3.30)  23 SEP 2005 16:17
**FracCont.tex
(./FracCont.tex
LaTeX2e <2001/06/01>
Babel <v3.7h> and hyphenation patterns for american, french, german, ngerman, n
ohyphenation, loaded.
(/usr/share/texmf/tex/latex/base/article.cls
Document Class: article 2001/04/21 v1.4e Standard LaTeX document class
(/usr/share/texmf/tex/latex/base/size12.clo
File: size12.clo 2001/04/21 v1.4e Standard LaTeX file (size option)
)
\c@part=\count79
\c@section=\count80
\c@subsection=\count81
\c@subsubsection=\count82
\c@paragraph=\count83
\c@subparagraph=\count84
\c@figure=\count85
\c@table=\count86
\abovecaptionskip=\skip41
\belowcaptionskip=\skip42
\bibindent=\dimen102
)
(/usr/share/texmf/tex/generic/babel/babel.sty
Package: babel 2001/03/01 v3.7h The Babel package

(/usr/share/texmf/tex/generic/babel/frenchb.ldf
Language: french 2001/09/09 v1.5g French support from the babel system

(/usr/share/texmf/tex/generic/babel/babel.def
File: babel.def 2001/03/01 v3.7h Babel common definitions
\babel@savecnt=\count87
\U@D=\dimen103
)
Package babel Info: Making : an active character on input line 199.
Package babel Info: Making ; an active character on input line 200.
Package babel Info: Making ! an active character on input line 201.
Package babel Info: Making ? an active character on input line 202.

*************************************
* Local config file frenchb.cfg used
*
(/usr/share/texmf/tex/generic/babel/frenchb.cfg))) (./pierre.sty)
(/usr/share/texmf/tex/latex/amsfonts/amssymb.sty
Package: amssymb 2002/01/22 v2.2d

(/usr/share/texmf/tex/latex/amsfonts/amsfonts.sty
Package: amsfonts 2001/10/25 v2.2f
\@emptytoks=\toks14
\symAMSa=\mathgroup4
\symAMSb=\mathgroup5
LaTeX Font Info:    Overwriting math alphabet `\mathfrak' in version `bold'
(Font)                  U/euf/m/n --> U/euf/b/n on input line 132.
)) (./FracCont.aux)
\openout1 = `FracCont.aux'.

LaTeX Font Info:    Checking defaults for OML/cmm/m/it on input line 12.
LaTeX Font Info:    ... okay on input line 12.
LaTeX Font Info:    Checking defaults for T1/cmr/m/n on input line 12.
LaTeX Font Info:    ... okay on input line 12.
LaTeX Font Info:    Checking defaults for OT1/cmr/m/n on input line 12.
LaTeX Font Info:    ... okay on input line 12.
LaTeX Font Info:    Checking defaults for OMS/cmsy/m/n on input line 12.
LaTeX Font Info:    ... okay on input line 12.
LaTeX Font Info:    Checking defaults for OMX/cmex/m/n on input line 12.
LaTeX Font Info:    ... okay on input line 12.
LaTeX Font Info:    Checking defaults for U/cmr/m/n on input line 12.
LaTeX Font Info:    ... okay on input line 12.
LaTeX Font Info:    Checking defaults for OT2/wncyr/m/n on input line 12.
LaTeX Font Info:    Try loading font information for OT2+wncyr on input line 12
.

(/usr/share/texmf/tex/latex/cyrillic/ot2wncyr.fd
File: ot2wncyr.fd 1999/12/17 v3.2a Computer Modern Cyrillic font definitions
)
LaTeX Font Info:    ... okay on input line 12.
LaTeX Info: Redefining \dots on input line 12.
LaTeX Font Info:    Try loading font information for U+msa on input line 14.

(/usr/share/texmf/tex/latex/amsfonts/umsa.fd
File: umsa.fd 2002/01/19 v2.2g AMS font definitions
)
LaTeX Font Info:    Try loading font information for U+msb on input line 14.

(/usr/share/texmf/tex/latex/amsfonts/umsb.fd
File: umsb.fd 2002/01/19 v2.2g AMS font definitions
)
Overfull \hbox (6.73424pt too wide) in paragraph at lines 23--24
[]\OT1/cmr/m/n/12 On ^^Secrit en-core cette ex-pres-sion sous la forme plus com
-pacte $[\OML/cmm/m/it/12 a[]; a[]; [] ; a[]\OT1/cmr/m/n/12 ]$.
 []

[1

] [2]
Overfull \hbox (21.34964pt too wide) in paragraph at lines 91--92
[]\OT1/cmr/m/it/12 Tout convergent $\OML/cmm/m/it/12 c[] \OT1/cmr/m/n/12 = \OML
/cmm/m/it/12 p[]=q[]$ \OT1/cmr/m/it/12 est ra-tion-nel et tel que $[]\OT1/cmr/m
/n/12 (\OML/cmm/m/it/12 p[]; q[]\OT1/cmr/m/n/12 ) =
 []


Overfull \hbox (21.92981pt too wide) in paragraph at lines 114--115
[]\OT1/cmr/m/it/12 Si $\OML/cmm/m/it/12 q \OMS/cmsy/m/n/12 2 \U/msb/m/n/12 Q$\O
T1/cmr/m/it/12 , alors il existe une frac-tion conti-nue fi-nie $\OT1/cmr/m/n/1
2 [\OML/cmm/m/it/12 a[]; a[]; [] ; a[]\OT1/cmr/m/n/12 ]$
 []

[3] [4] [5] [6] [7]
Overfull \hbox (10.75928pt too wide) in paragraph at lines 249--250
[]\OT1/cmr/m/n/12 Une frac-tion conti-nue in-fi-nie $[\OML/cmm/m/it/12 a[]; a[]
; a[]; []\OT1/cmr/m/n/12 ]$ est dite \OT1/cmr/m/it/12 p^^Seriodique
 []


! LaTeX Error: Bad math environment delimiter.

See the LaTeX manual or LaTeX Companion for explanation.
Type  H <return>  for immediate help.
 ...                                              
                                                  
l.274 ... p_{n+k-2})x - p_{n+k-2} = 0;\eqno{(*)}\]
                                                  
? x
 
Here is how much of TeX's memory you used:
 1176 strings out of 95847
 12957 string characters out of 1195948
 65779 words of memory out of 1000001
 4136 multiletter control sequences out of 10000+50000
 13756 words of font info for 53 fonts, out of 500000 for 1000
 14 hyphenation exceptions out of 1000
 24i,11n,24p,756b,258s stack positions out of 1500i,500n,5000p,200000b,5000s
Output written on FracCont.dvi (7 pages, 24420 bytes).
